Analysis & Synthesis report for cpu_phase1
Sun Jan 26 17:12:35 2025
Quartus Prime Version 18.1.0 Build 625 09/12/2018 SJ Lite Edition


---------------------
; Table of Contents ;
---------------------
  1. Legal Notice
  2. Analysis & Synthesis Summary
  3. Analysis & Synthesis Settings
  4. Parallel Compilation
  5. Analysis & Synthesis Source Files Read
  6. Analysis & Synthesis Resource Usage Summary
  7. Analysis & Synthesis Resource Utilization by Entity
  8. General Register Statistics
  9. Parameter Settings for User Entity Instance: register:RZHi
 10. Parameter Settings for User Entity Instance: register:RZLo
 11. Parameter Settings for User Entity Instance: register:RY
 12. Parameter Settings for User Entity Instance: register:HI
 13. Parameter Settings for User Entity Instance: register:LO
 14. Parameter Settings for User Entity Instance: register:PC
 15. Parameter Settings for User Entity Instance: register:IR
 16. Parameter Settings for User Entity Instance: register:R0
 17. Parameter Settings for User Entity Instance: register:R1
 18. Parameter Settings for User Entity Instance: register:R2
 19. Parameter Settings for User Entity Instance: register:R3
 20. Parameter Settings for User Entity Instance: register:R4
 21. Parameter Settings for User Entity Instance: register:R5
 22. Parameter Settings for User Entity Instance: register:R6
 23. Parameter Settings for User Entity Instance: register:R7
 24. Parameter Settings for User Entity Instance: register:R8
 25. Parameter Settings for User Entity Instance: register:R9
 26. Parameter Settings for User Entity Instance: register:R10
 27. Parameter Settings for User Entity Instance: register:R11
 28. Parameter Settings for User Entity Instance: register:R12
 29. Parameter Settings for User Entity Instance: register:R13
 30. Parameter Settings for User Entity Instance: register:R14
 31. Parameter Settings for User Entity Instance: register:R15
 32. Parameter Settings for User Entity Instance: register:MDRreg
 33. Parameter Settings for User Entity Instance: alu:ALU
 34. Port Connectivity Checks: "alu:ALU|addition:adder"
 35. Port Connectivity Checks: "encoder_32_5:BusEncoder"
 36. Port Connectivity Checks: "register:R15"
 37. Port Connectivity Checks: "register:R14"
 38. Port Connectivity Checks: "register:R13"
 39. Port Connectivity Checks: "register:R12"
 40. Port Connectivity Checks: "register:R11"
 41. Port Connectivity Checks: "register:R10"
 42. Port Connectivity Checks: "register:R9"
 43. Port Connectivity Checks: "register:R8"
 44. Port Connectivity Checks: "register:R6"
 45. Port Connectivity Checks: "register:R5"
 46. Port Connectivity Checks: "register:R2"
 47. Port Connectivity Checks: "register:R1"
 48. Port Connectivity Checks: "register:R0"
 49. Port Connectivity Checks: "register:IR"
 50. Port Connectivity Checks: "register:LO"
 51. Port Connectivity Checks: "register:HI"
 52. Port Connectivity Checks: "register:RZHi"
 53. Post-Synthesis Netlist Statistics for Top Partition
 54. Elapsed Time Per Partition
 55. Analysis & Synthesis Messages
 56. Analysis & Synthesis Suppressed Messages



----------------
; Legal Notice ;
----------------
Copyright (C) 2018  Intel Corporation. All rights reserved.
Your use of Intel Corporation's design tools, logic functions 
and other software and tools, and its AMPP partner logic 
functions, and any output files from any of the foregoing 
(including device programming or simulation files), and any 
associated documentation or information are expressly subject 
to the terms and conditions of the Intel Program License 
Subscription Agreement, the Intel Quartus Prime License Agreement,
the Intel FPGA IP License Agreement, or other applicable license
agreement, including, without limitation, that your use is for
the sole purpose of programming logic devices manufactured by
Intel and sold by Intel or its authorized distributors.  Please
refer to the applicable agreement for further details.



+-------------------------------------------------------------------------------+
; Analysis & Synthesis Summary                                                  ;
+---------------------------------+---------------------------------------------+
; Analysis & Synthesis Status     ; Successful - Sun Jan 26 17:12:35 2025       ;
; Quartus Prime Version           ; 18.1.0 Build 625 09/12/2018 SJ Lite Edition ;
; Revision Name                   ; cpu_phase1                                  ;
; Top-level Entity Name           ; datapath                                    ;
; Family                          ; Cyclone V                                   ;
; Logic utilization (in ALMs)     ; N/A                                         ;
; Total registers                 ; 0                                           ;
; Total pins                      ; 54                                          ;
; Total virtual pins              ; 0                                           ;
; Total block memory bits         ; 0                                           ;
; Total DSP Blocks                ; 0                                           ;
; Total HSSI RX PCSs              ; 0                                           ;
; Total HSSI PMA RX Deserializers ; 0                                           ;
; Total HSSI TX PCSs              ; 0                                           ;
; Total HSSI PMA TX Serializers   ; 0                                           ;
; Total PLLs                      ; 0                                           ;
; Total DLLs                      ; 0                                           ;
+---------------------------------+---------------------------------------------+


+---------------------------------------------------------------------------------------------------------------------------+
; Analysis & Synthesis Settings                                                                                             ;
+---------------------------------------------------------------------------------+--------------------+--------------------+
; Option                                                                          ; Setting            ; Default Value      ;
+---------------------------------------------------------------------------------+--------------------+--------------------+
; Device                                                                          ; 5CEBA4F23C7        ;                    ;
; Top-level entity name                                                           ; datapath           ; cpu_phase1         ;
; Family name                                                                     ; Cyclone V          ; Cyclone V          ;
; Use smart compilation                                                           ; Off                ; Off                ;
; Enable parallel Assembler and Timing Analyzer during compilation                ; On                 ; On                 ;
; Enable compact report table                                                     ; Off                ; Off                ;
; Restructure Multiplexers                                                        ; Auto               ; Auto               ;
; MLAB Add Timing Constraints For Mixed-Port Feed-Through Mode Setting Don't Care ; Off                ; Off                ;
; Create Debugging Nodes for IP Cores                                             ; Off                ; Off                ;
; Preserve fewer node names                                                       ; On                 ; On                 ;
; Intel FPGA IP Evaluation Mode                                                   ; Enable             ; Enable             ;
; Verilog Version                                                                 ; Verilog_2001       ; Verilog_2001       ;
; VHDL Version                                                                    ; VHDL_1993          ; VHDL_1993          ;
; State Machine Processing                                                        ; Auto               ; Auto               ;
; Safe State Machine                                                              ; Off                ; Off                ;
; Extract Verilog State Machines                                                  ; On                 ; On                 ;
; Extract VHDL State Machines                                                     ; On                 ; On                 ;
; Ignore Verilog initial constructs                                               ; Off                ; Off                ;
; Iteration limit for constant Verilog loops                                      ; 5000               ; 5000               ;
; Iteration limit for non-constant Verilog loops                                  ; 250                ; 250                ;
; Add Pass-Through Logic to Inferred RAMs                                         ; On                 ; On                 ;
; Infer RAMs from Raw Logic                                                       ; On                 ; On                 ;
; Parallel Synthesis                                                              ; On                 ; On                 ;
; DSP Block Balancing                                                             ; Auto               ; Auto               ;
; NOT Gate Push-Back                                                              ; On                 ; On                 ;
; Power-Up Don't Care                                                             ; On                 ; On                 ;
; Remove Redundant Logic Cells                                                    ; Off                ; Off                ;
; Remove Duplicate Registers                                                      ; On                 ; On                 ;
; Ignore CARRY Buffers                                                            ; Off                ; Off                ;
; Ignore CASCADE Buffers                                                          ; Off                ; Off                ;
; Ignore GLOBAL Buffers                                                           ; Off                ; Off                ;
; Ignore ROW GLOBAL Buffers                                                       ; Off                ; Off                ;
; Ignore LCELL Buffers                                                            ; Off                ; Off                ;
; Ignore SOFT Buffers                                                             ; On                 ; On                 ;
; Limit AHDL Integers to 32 Bits                                                  ; Off                ; Off                ;
; Optimization Technique                                                          ; Balanced           ; Balanced           ;
; Carry Chain Length                                                              ; 70                 ; 70                 ;
; Auto Carry Chains                                                               ; On                 ; On                 ;
; Auto Open-Drain Pins                                                            ; On                 ; On                 ;
; Perform WYSIWYG Primitive Resynthesis                                           ; Off                ; Off                ;
; Auto ROM Replacement                                                            ; On                 ; On                 ;
; Auto RAM Replacement                                                            ; On                 ; On                 ;
; Auto DSP Block Replacement                                                      ; On                 ; On                 ;
; Auto Shift Register Replacement                                                 ; Auto               ; Auto               ;
; Allow Shift Register Merging across Hierarchies                                 ; Auto               ; Auto               ;
; Auto Clock Enable Replacement                                                   ; On                 ; On                 ;
; Strict RAM Replacement                                                          ; Off                ; Off                ;
; Allow Synchronous Control Signals                                               ; On                 ; On                 ;
; Force Use of Synchronous Clear Signals                                          ; Off                ; Off                ;
; Auto Resource Sharing                                                           ; Off                ; Off                ;
; Allow Any RAM Size For Recognition                                              ; Off                ; Off                ;
; Allow Any ROM Size For Recognition                                              ; Off                ; Off                ;
; Allow Any Shift Register Size For Recognition                                   ; Off                ; Off                ;
; Use LogicLock Constraints during Resource Balancing                             ; On                 ; On                 ;
; Ignore translate_off and synthesis_off directives                               ; Off                ; Off                ;
; Timing-Driven Synthesis                                                         ; On                 ; On                 ;
; Report Parameter Settings                                                       ; On                 ; On                 ;
; Report Source Assignments                                                       ; On                 ; On                 ;
; Report Connectivity Checks                                                      ; On                 ; On                 ;
; Ignore Maximum Fan-Out Assignments                                              ; Off                ; Off                ;
; Synchronization Register Chain Length                                           ; 3                  ; 3                  ;
; Power Optimization During Synthesis                                             ; Normal compilation ; Normal compilation ;
; HDL message level                                                               ; Level2             ; Level2             ;
; Suppress Register Optimization Related Messages                                 ; Off                ; Off                ;
; Number of Removed Registers Reported in Synthesis Report                        ; 5000               ; 5000               ;
; Number of Swept Nodes Reported in Synthesis Report                              ; 5000               ; 5000               ;
; Number of Inverted Registers Reported in Synthesis Report                       ; 100                ; 100                ;
; Clock MUX Protection                                                            ; On                 ; On                 ;
; Auto Gated Clock Conversion                                                     ; Off                ; Off                ;
; Block Design Naming                                                             ; Auto               ; Auto               ;
; SDC constraint protection                                                       ; Off                ; Off                ;
; Synthesis Effort                                                                ; Auto               ; Auto               ;
; Shift Register Replacement - Allow Asynchronous Clear Signal                    ; On                 ; On                 ;
; Pre-Mapping Resynthesis Optimization                                            ; Off                ; Off                ;
; Analysis & Synthesis Message Level                                              ; Medium             ; Medium             ;
; Disable Register Merging Across Hierarchies                                     ; Auto               ; Auto               ;
; Resource Aware Inference For Block RAM                                          ; On                 ; On                 ;
; Automatic Parallel Synthesis                                                    ; On                 ; On                 ;
; Partial Reconfiguration Bitstream ID                                            ; Off                ; Off                ;
+---------------------------------------------------------------------------------+--------------------+--------------------+


+------------------------------------------+
; Parallel Compilation                     ;
+----------------------------+-------------+
; Processors                 ; Number      ;
+----------------------------+-------------+
; Number detected on machine ; 16          ;
; Maximum allowed            ; 16          ;
;                            ;             ;
; Average used               ; 1.00        ;
; Maximum used               ; 1           ;
;                            ;             ;
; Usage by Processor         ; % Time Used ;
;     Processor 1            ; 100.0%      ;
+----------------------------+-------------+


+----------------------------------------------------------------------------------------------------------------------------------------------------------+
; Analysis & Synthesis Source Files Read                                                                                                                   ;
+----------------------------------+-----------------+------------------------+------------------------------------------------------------------+---------+
; File Name with User-Entered Path ; Used in Netlist ; File Type              ; File Name with Absolute Path                                     ; Library ;
+----------------------------------+-----------------+------------------------+------------------------------------------------------------------+---------+
; register.v                       ; yes             ; User Verilog HDL File  ; C:/intelFPGA_lite/18.1/elec374/cpu_project/phase1/register.v     ;         ;
; bus.v                            ; yes             ; User Verilog HDL File  ; C:/intelFPGA_lite/18.1/elec374/cpu_project/phase1/bus.v          ;         ;
; alu.v                            ; yes             ; User Verilog HDL File  ; C:/intelFPGA_lite/18.1/elec374/cpu_project/phase1/alu.v          ;         ;
; datapath.v                       ; yes             ; User Verilog HDL File  ; C:/intelFPGA_lite/18.1/elec374/cpu_project/phase1/datapath.v     ;         ;
; addition.v                       ; yes             ; User Verilog HDL File  ; C:/intelFPGA_lite/18.1/elec374/cpu_project/phase1/addition.v     ;         ;
; mux_2_1.v                        ; yes             ; User Verilog HDL File  ; C:/intelFPGA_lite/18.1/elec374/cpu_project/phase1/mux_2_1.v      ;         ;
; encoder_32_5.v                   ; yes             ; User Verilog HDL File  ; C:/intelFPGA_lite/18.1/elec374/cpu_project/phase1/encoder_32_5.v ;         ;
+----------------------------------+-----------------+------------------------+------------------------------------------------------------------+---------+


+-----------------------------------------------------+
; Analysis & Synthesis Resource Usage Summary         ;
+---------------------------------------------+-------+
; Resource                                    ; Usage ;
+---------------------------------------------+-------+
; Estimate of Logic utilization (ALMs needed) ; 0     ;
;                                             ;       ;
; Combinational ALUT usage for logic          ; 0     ;
;     -- 7 input functions                    ; 0     ;
;     -- 6 input functions                    ; 0     ;
;     -- 5 input functions                    ; 0     ;
;     -- 4 input functions                    ; 0     ;
;     -- <=3 input functions                  ; 0     ;
;                                             ;       ;
; Dedicated logic registers                   ; 0     ;
;                                             ;       ;
; I/O pins                                    ; 54    ;
;                                             ;       ;
; Total DSP Blocks                            ; 0     ;
;                                             ;       ;
; Maximum fan-out node                        ; clock ;
; Maximum fan-out                             ; 1     ;
; Total fan-out                               ; 54    ;
; Average fan-out                             ; 0.50  ;
+---------------------------------------------+-------+


+----------------------------------------------------------------------------------------------------------------------------------------------------------------------------------------+
; Analysis & Synthesis Resource Utilization by Entity                                                                                                                                    ;
+----------------------------+---------------------+---------------------------+-------------------+------------+------+--------------+---------------------+-------------+--------------+
; Compilation Hierarchy Node ; Combinational ALUTs ; Dedicated Logic Registers ; Block Memory Bits ; DSP Blocks ; Pins ; Virtual Pins ; Full Hierarchy Name ; Entity Name ; Library Name ;
+----------------------------+---------------------+---------------------------+-------------------+------------+------+--------------+---------------------+-------------+--------------+
; |datapath                  ; 0 (0)               ; 0 (0)                     ; 0                 ; 0          ; 54   ; 0            ; |datapath           ; datapath    ; work         ;
+----------------------------+---------------------+---------------------------+-------------------+------------+------+--------------+---------------------+-------------+--------------+
Note: For table entries with two numbers listed, the numbers in parentheses indicate the number of resources of the given type used by the specific entity alone. The numbers listed outside of parentheses indicate the total resources of the given type used by the specific entity and all of its sub-entities in the hierarchy.


+------------------------------------------------------+
; General Register Statistics                          ;
+----------------------------------------------+-------+
; Statistic                                    ; Value ;
+----------------------------------------------+-------+
; Total registers                              ; 0     ;
; Number of registers using Synchronous Clear  ; 0     ;
; Number of registers using Synchronous Load   ; 0     ;
; Number of registers using Asynchronous Clear ; 0     ;
; Number of registers using Asynchronous Load  ; 0     ;
; Number of registers using Clock Enable       ; 0     ;
; Number of registers using Preset             ; 0     ;
+----------------------------------------------+-------+


+---------------------------------------------------------------------+
; Parameter Settings for User Entity Instance: register:RZHi          ;
+----------------+----------------------------------+-----------------+
; Parameter Name ; Value                            ; Type            ;
+----------------+----------------------------------+-----------------+
; DATA_WIDTH     ; 32                               ; Signed Integer  ;
; INIT           ; 00000000000000000000000000000000 ; Unsigned Binary ;
+----------------+----------------------------------+-----------------+
Note: In order to hide this table in the UI and the text report file, please set the "Show Parameter Settings in Synthesis Report" option in "Analysis and Synthesis Settings -> More Settings" to "Off".


+---------------------------------------------------------------------+
; Parameter Settings for User Entity Instance: register:RZLo          ;
+----------------+----------------------------------+-----------------+
; Parameter Name ; Value                            ; Type            ;
+----------------+----------------------------------+-----------------+
; DATA_WIDTH     ; 32                               ; Signed Integer  ;
; INIT           ; 00000000000000000000000000000000 ; Unsigned Binary ;
+----------------+----------------------------------+-----------------+
Note: In order to hide this table in the UI and the text report file, please set the "Show Parameter Settings in Synthesis Report" option in "Analysis and Synthesis Settings -> More Settings" to "Off".


+---------------------------------------------------------------------+
; Parameter Settings for User Entity Instance: register:RY            ;
+----------------+----------------------------------+-----------------+
; Parameter Name ; Value                            ; Type            ;
+----------------+----------------------------------+-----------------+
; DATA_WIDTH     ; 32                               ; Signed Integer  ;
; INIT           ; 00000000000000000000000000000000 ; Unsigned Binary ;
+----------------+----------------------------------+-----------------+
Note: In order to hide this table in the UI and the text report file, please set the "Show Parameter Settings in Synthesis Report" option in "Analysis and Synthesis Settings -> More Settings" to "Off".


+---------------------------------------------------------------------+
; Parameter Settings for User Entity Instance: register:HI            ;
+----------------+----------------------------------+-----------------+
; Parameter Name ; Value                            ; Type            ;
+----------------+----------------------------------+-----------------+
; DATA_WIDTH     ; 32                               ; Signed Integer  ;
; INIT           ; 00000000000000000000000000000000 ; Unsigned Binary ;
+----------------+----------------------------------+-----------------+
Note: In order to hide this table in the UI and the text report file, please set the "Show Parameter Settings in Synthesis Report" option in "Analysis and Synthesis Settings -> More Settings" to "Off".


+---------------------------------------------------------------------+
; Parameter Settings for User Entity Instance: register:LO            ;
+----------------+----------------------------------+-----------------+
; Parameter Name ; Value                            ; Type            ;
+----------------+----------------------------------+-----------------+
; DATA_WIDTH     ; 32                               ; Signed Integer  ;
; INIT           ; 00000000000000000000000000000000 ; Unsigned Binary ;
+----------------+----------------------------------+-----------------+
Note: In order to hide this table in the UI and the text report file, please set the "Show Parameter Settings in Synthesis Report" option in "Analysis and Synthesis Settings -> More Settings" to "Off".


+---------------------------------------------------------------------+
; Parameter Settings for User Entity Instance: register:PC            ;
+----------------+----------------------------------+-----------------+
; Parameter Name ; Value                            ; Type            ;
+----------------+----------------------------------+-----------------+
; DATA_WIDTH     ; 32                               ; Signed Integer  ;
; INIT           ; 00000000000000000000000000000000 ; Unsigned Binary ;
+----------------+----------------------------------+-----------------+
Note: In order to hide this table in the UI and the text report file, please set the "Show Parameter Settings in Synthesis Report" option in "Analysis and Synthesis Settings -> More Settings" to "Off".


+---------------------------------------------------------------------+
; Parameter Settings for User Entity Instance: register:IR            ;
+----------------+----------------------------------+-----------------+
; Parameter Name ; Value                            ; Type            ;
+----------------+----------------------------------+-----------------+
; DATA_WIDTH     ; 32                               ; Signed Integer  ;
; INIT           ; 00000000000000000000000000000000 ; Unsigned Binary ;
+----------------+----------------------------------+-----------------+
Note: In order to hide this table in the UI and the text report file, please set the "Show Parameter Settings in Synthesis Report" option in "Analysis and Synthesis Settings -> More Settings" to "Off".


+---------------------------------------------------------------------+
; Parameter Settings for User Entity Instance: register:R0            ;
+----------------+----------------------------------+-----------------+
; Parameter Name ; Value                            ; Type            ;
+----------------+----------------------------------+-----------------+
; DATA_WIDTH     ; 32                               ; Signed Integer  ;
; INIT           ; 00000000000000000000000000000000 ; Unsigned Binary ;
+----------------+----------------------------------+-----------------+
Note: In order to hide this table in the UI and the text report file, please set the "Show Parameter Settings in Synthesis Report" option in "Analysis and Synthesis Settings -> More Settings" to "Off".


+---------------------------------------------------------------------+
; Parameter Settings for User Entity Instance: register:R1            ;
+----------------+----------------------------------+-----------------+
; Parameter Name ; Value                            ; Type            ;
+----------------+----------------------------------+-----------------+
; DATA_WIDTH     ; 32                               ; Signed Integer  ;
; INIT           ; 00000000000000000000000000000000 ; Unsigned Binary ;
+----------------+----------------------------------+-----------------+
Note: In order to hide this table in the UI and the text report file, please set the "Show Parameter Settings in Synthesis Report" option in "Analysis and Synthesis Settings -> More Settings" to "Off".


+---------------------------------------------------------------------+
; Parameter Settings for User Entity Instance: register:R2            ;
+----------------+----------------------------------+-----------------+
; Parameter Name ; Value                            ; Type            ;
+----------------+----------------------------------+-----------------+
; DATA_WIDTH     ; 32                               ; Signed Integer  ;
; INIT           ; 00000000000000000000000000000000 ; Unsigned Binary ;
+----------------+----------------------------------+-----------------+
Note: In order to hide this table in the UI and the text report file, please set the "Show Parameter Settings in Synthesis Report" option in "Analysis and Synthesis Settings -> More Settings" to "Off".


+---------------------------------------------------------------------+
; Parameter Settings for User Entity Instance: register:R3            ;
+----------------+----------------------------------+-----------------+
; Parameter Name ; Value                            ; Type            ;
+----------------+----------------------------------+-----------------+
; DATA_WIDTH     ; 32                               ; Signed Integer  ;
; INIT           ; 00000000000000000000000000000000 ; Unsigned Binary ;
+----------------+----------------------------------+-----------------+
Note: In order to hide this table in the UI and the text report file, please set the "Show Parameter Settings in Synthesis Report" option in "Analysis and Synthesis Settings -> More Settings" to "Off".


+---------------------------------------------------------------------+
; Parameter Settings for User Entity Instance: register:R4            ;
+----------------+----------------------------------+-----------------+
; Parameter Name ; Value                            ; Type            ;
+----------------+----------------------------------+-----------------+
; DATA_WIDTH     ; 32                               ; Signed Integer  ;
; INIT           ; 00000000000000000000000000000000 ; Unsigned Binary ;
+----------------+----------------------------------+-----------------+
Note: In order to hide this table in the UI and the text report file, please set the "Show Parameter Settings in Synthesis Report" option in "Analysis and Synthesis Settings -> More Settings" to "Off".


+---------------------------------------------------------------------+
; Parameter Settings for User Entity Instance: register:R5            ;
+----------------+----------------------------------+-----------------+
; Parameter Name ; Value                            ; Type            ;
+----------------+----------------------------------+-----------------+
; DATA_WIDTH     ; 32                               ; Signed Integer  ;
; INIT           ; 00000000000000000000000000000000 ; Unsigned Binary ;
+----------------+----------------------------------+-----------------+
Note: In order to hide this table in the UI and the text report file, please set the "Show Parameter Settings in Synthesis Report" option in "Analysis and Synthesis Settings -> More Settings" to "Off".


+---------------------------------------------------------------------+
; Parameter Settings for User Entity Instance: register:R6            ;
+----------------+----------------------------------+-----------------+
; Parameter Name ; Value                            ; Type            ;
+----------------+----------------------------------+-----------------+
; DATA_WIDTH     ; 32                               ; Signed Integer  ;
; INIT           ; 00000000000000000000000000000000 ; Unsigned Binary ;
+----------------+----------------------------------+-----------------+
Note: In order to hide this table in the UI and the text report file, please set the "Show Parameter Settings in Synthesis Report" option in "Analysis and Synthesis Settings -> More Settings" to "Off".


+---------------------------------------------------------------------+
; Parameter Settings for User Entity Instance: register:R7            ;
+----------------+----------------------------------+-----------------+
; Parameter Name ; Value                            ; Type            ;
+----------------+----------------------------------+-----------------+
; DATA_WIDTH     ; 32                               ; Signed Integer  ;
; INIT           ; 00000000000000000000000000000000 ; Unsigned Binary ;
+----------------+----------------------------------+-----------------+
Note: In order to hide this table in the UI and the text report file, please set the "Show Parameter Settings in Synthesis Report" option in "Analysis and Synthesis Settings -> More Settings" to "Off".


+---------------------------------------------------------------------+
; Parameter Settings for User Entity Instance: register:R8            ;
+----------------+----------------------------------+-----------------+
; Parameter Name ; Value                            ; Type            ;
+----------------+----------------------------------+-----------------+
; DATA_WIDTH     ; 32                               ; Signed Integer  ;
; INIT           ; 00000000000000000000000000000000 ; Unsigned Binary ;
+----------------+----------------------------------+-----------------+
Note: In order to hide this table in the UI and the text report file, please set the "Show Parameter Settings in Synthesis Report" option in "Analysis and Synthesis Settings -> More Settings" to "Off".


+---------------------------------------------------------------------+
; Parameter Settings for User Entity Instance: register:R9            ;
+----------------+----------------------------------+-----------------+
; Parameter Name ; Value                            ; Type            ;
+----------------+----------------------------------+-----------------+
; DATA_WIDTH     ; 32                               ; Signed Integer  ;
; INIT           ; 00000000000000000000000000000000 ; Unsigned Binary ;
+----------------+----------------------------------+-----------------+
Note: In order to hide this table in the UI and the text report file, please set the "Show Parameter Settings in Synthesis Report" option in "Analysis and Synthesis Settings -> More Settings" to "Off".


+---------------------------------------------------------------------+
; Parameter Settings for User Entity Instance: register:R10           ;
+----------------+----------------------------------+-----------------+
; Parameter Name ; Value                            ; Type            ;
+----------------+----------------------------------+-----------------+
; DATA_WIDTH     ; 32                               ; Signed Integer  ;
; INIT           ; 00000000000000000000000000000000 ; Unsigned Binary ;
+----------------+----------------------------------+-----------------+
Note: In order to hide this table in the UI and the text report file, please set the "Show Parameter Settings in Synthesis Report" option in "Analysis and Synthesis Settings -> More Settings" to "Off".


+---------------------------------------------------------------------+
; Parameter Settings for User Entity Instance: register:R11           ;
+----------------+----------------------------------+-----------------+
; Parameter Name ; Value                            ; Type            ;
+----------------+----------------------------------+-----------------+
; DATA_WIDTH     ; 32                               ; Signed Integer  ;
; INIT           ; 00000000000000000000000000000000 ; Unsigned Binary ;
+----------------+----------------------------------+-----------------+
Note: In order to hide this table in the UI and the text report file, please set the "Show Parameter Settings in Synthesis Report" option in "Analysis and Synthesis Settings -> More Settings" to "Off".


+---------------------------------------------------------------------+
; Parameter Settings for User Entity Instance: register:R12           ;
+----------------+----------------------------------+-----------------+
; Parameter Name ; Value                            ; Type            ;
+----------------+----------------------------------+-----------------+
; DATA_WIDTH     ; 32                               ; Signed Integer  ;
; INIT           ; 00000000000000000000000000000000 ; Unsigned Binary ;
+----------------+----------------------------------+-----------------+
Note: In order to hide this table in the UI and the text report file, please set the "Show Parameter Settings in Synthesis Report" option in "Analysis and Synthesis Settings -> More Settings" to "Off".


+---------------------------------------------------------------------+
; Parameter Settings for User Entity Instance: register:R13           ;
+----------------+----------------------------------+-----------------+
; Parameter Name ; Value                            ; Type            ;
+----------------+----------------------------------+-----------------+
; DATA_WIDTH     ; 32                               ; Signed Integer  ;
; INIT           ; 00000000000000000000000000000000 ; Unsigned Binary ;
+----------------+----------------------------------+-----------------+
Note: In order to hide this table in the UI and the text report file, please set the "Show Parameter Settings in Synthesis Report" option in "Analysis and Synthesis Settings -> More Settings" to "Off".


+---------------------------------------------------------------------+
; Parameter Settings for User Entity Instance: register:R14           ;
+----------------+----------------------------------+-----------------+
; Parameter Name ; Value                            ; Type            ;
+----------------+----------------------------------+-----------------+
; DATA_WIDTH     ; 32                               ; Signed Integer  ;
; INIT           ; 00000000000000000000000000000000 ; Unsigned Binary ;
+----------------+----------------------------------+-----------------+
Note: In order to hide this table in the UI and the text report file, please set the "Show Parameter Settings in Synthesis Report" option in "Analysis and Synthesis Settings -> More Settings" to "Off".


+---------------------------------------------------------------------+
; Parameter Settings for User Entity Instance: register:R15           ;
+----------------+----------------------------------+-----------------+
; Parameter Name ; Value                            ; Type            ;
+----------------+----------------------------------+-----------------+
; DATA_WIDTH     ; 32                               ; Signed Integer  ;
; INIT           ; 00000000000000000000000000000000 ; Unsigned Binary ;
+----------------+----------------------------------+-----------------+
Note: In order to hide this table in the UI and the text report file, please set the "Show Parameter Settings in Synthesis Report" option in "Analysis and Synthesis Settings -> More Settings" to "Off".


+---------------------------------------------------------------------+
; Parameter Settings for User Entity Instance: register:MDRreg        ;
+----------------+----------------------------------+-----------------+
; Parameter Name ; Value                            ; Type            ;
+----------------+----------------------------------+-----------------+
; DATA_WIDTH     ; 32                               ; Signed Integer  ;
; INIT           ; 00000000000000000000000000000000 ; Unsigned Binary ;
+----------------+----------------------------------+-----------------+
Note: In order to hide this table in the UI and the text report file, please set the "Show Parameter Settings in Synthesis Report" option in "Analysis and Synthesis Settings -> More Settings" to "Off".


+------------------------------------------------------+
; Parameter Settings for User Entity Instance: alu:ALU ;
+----------------+-------+-----------------------------+
; Parameter Name ; Value ; Type                        ;
+----------------+-------+-----------------------------+
; ADD            ; 00011 ; Unsigned Binary             ;
; SUB            ; 00100 ; Unsigned Binary             ;
; AND            ; 00101 ; Unsigned Binary             ;
; OR             ; 00110 ; Unsigned Binary             ;
; ROR            ; 00111 ; Unsigned Binary             ;
; ROL            ; 01000 ; Unsigned Binary             ;
; SHR            ; 01001 ; Unsigned Binary             ;
; SHRA           ; 01010 ; Unsigned Binary             ;
; SHL            ; 01011 ; Unsigned Binary             ;
; ADDI           ; 01100 ; Unsigned Binary             ;
; ANDI           ; 01101 ; Unsigned Binary             ;
; ORI            ; 01110 ; Unsigned Binary             ;
; DIV            ; 01111 ; Unsigned Binary             ;
; MUL            ; 10000 ; Unsigned Binary             ;
; NEG            ; 10001 ; Unsigned Binary             ;
; NOT            ; 10010 ; Unsigned Binary             ;
+----------------+-------+-----------------------------+
Note: In order to hide this table in the UI and the text report file, please set the "Show Parameter Settings in Synthesis Report" option in "Analysis and Synthesis Settings -> More Settings" to "Off".


+----------------------------------------------------------------------------------------------------------------+
; Port Connectivity Checks: "alu:ALU|addition:adder"                                                             ;
+------+--------+----------+-------------------------------------------------------------------------------------+
; Port ; Type   ; Severity ; Details                                                                             ;
+------+--------+----------+-------------------------------------------------------------------------------------+
; cin  ; Input  ; Info     ; Stuck at GND                                                                        ;
; cout ; Output ; Info     ; Connected to dangling logic. Logic that only feeds a dangling port will be removed. ;
+------+--------+----------+-------------------------------------------------------------------------------------+


+-----------------------------------------------------+
; Port Connectivity Checks: "encoder_32_5:BusEncoder" ;
+-------------------+-------+----------+--------------+
; Port              ; Type  ; Severity ; Details      ;
+-------------------+-------+----------+--------------+
; EncoderIn[31..21] ; Input ; Info     ; Stuck at GND ;
; EncoderIn[18..17] ; Input ; Info     ; Stuck at GND ;
; EncoderIn[15..5]  ; Input ; Info     ; Stuck at GND ;
; EncoderIn[1..0]   ; Input ; Info     ; Stuck at GND ;
+-------------------+-------+----------+--------------+


+------------------------------------------+
; Port Connectivity Checks: "register:R15" ;
+--------+-------+----------+--------------+
; Port   ; Type  ; Severity ; Details      ;
+--------+-------+----------+--------------+
; enable ; Input ; Info     ; Stuck at GND ;
+--------+-------+----------+--------------+


+------------------------------------------+
; Port Connectivity Checks: "register:R14" ;
+--------+-------+----------+--------------+
; Port   ; Type  ; Severity ; Details      ;
+--------+-------+----------+--------------+
; enable ; Input ; Info     ; Stuck at GND ;
+--------+-------+----------+--------------+


+------------------------------------------+
; Port Connectivity Checks: "register:R13" ;
+--------+-------+----------+--------------+
; Port   ; Type  ; Severity ; Details      ;
+--------+-------+----------+--------------+
; enable ; Input ; Info     ; Stuck at GND ;
+--------+-------+----------+--------------+


+------------------------------------------+
; Port Connectivity Checks: "register:R12" ;
+--------+-------+----------+--------------+
; Port   ; Type  ; Severity ; Details      ;
+--------+-------+----------+--------------+
; enable ; Input ; Info     ; Stuck at GND ;
+--------+-------+----------+--------------+


+------------------------------------------+
; Port Connectivity Checks: "register:R11" ;
+--------+-------+----------+--------------+
; Port   ; Type  ; Severity ; Details      ;
+--------+-------+----------+--------------+
; enable ; Input ; Info     ; Stuck at GND ;
+--------+-------+----------+--------------+


+------------------------------------------+
; Port Connectivity Checks: "register:R10" ;
+--------+-------+----------+--------------+
; Port   ; Type  ; Severity ; Details      ;
+--------+-------+----------+--------------+
; enable ; Input ; Info     ; Stuck at GND ;
+--------+-------+----------+--------------+


+------------------------------------------+
; Port Connectivity Checks: "register:R9"  ;
+--------+-------+----------+--------------+
; Port   ; Type  ; Severity ; Details      ;
+--------+-------+----------+--------------+
; enable ; Input ; Info     ; Stuck at GND ;
+--------+-------+----------+--------------+


+------------------------------------------+
; Port Connectivity Checks: "register:R8"  ;
+--------+-------+----------+--------------+
; Port   ; Type  ; Severity ; Details      ;
+--------+-------+----------+--------------+
; enable ; Input ; Info     ; Stuck at GND ;
+--------+-------+----------+--------------+


+------------------------------------------+
; Port Connectivity Checks: "register:R6"  ;
+--------+-------+----------+--------------+
; Port   ; Type  ; Severity ; Details      ;
+--------+-------+----------+--------------+
; enable ; Input ; Info     ; Stuck at GND ;
+--------+-------+----------+--------------+


+------------------------------------------+
; Port Connectivity Checks: "register:R5"  ;
+--------+-------+----------+--------------+
; Port   ; Type  ; Severity ; Details      ;
+--------+-------+----------+--------------+
; enable ; Input ; Info     ; Stuck at GND ;
+--------+-------+----------+--------------+


+------------------------------------------+
; Port Connectivity Checks: "register:R2"  ;
+--------+-------+----------+--------------+
; Port   ; Type  ; Severity ; Details      ;
+--------+-------+----------+--------------+
; enable ; Input ; Info     ; Stuck at GND ;
+--------+-------+----------+--------------+


+------------------------------------------+
; Port Connectivity Checks: "register:R1"  ;
+--------+-------+----------+--------------+
; Port   ; Type  ; Severity ; Details      ;
+--------+-------+----------+--------------+
; enable ; Input ; Info     ; Stuck at GND ;
+--------+-------+----------+--------------+


+------------------------------------------+
; Port Connectivity Checks: "register:R0"  ;
+--------+-------+----------+--------------+
; Port   ; Type  ; Severity ; Details      ;
+--------+-------+----------+--------------+
; enable ; Input ; Info     ; Stuck at GND ;
+--------+-------+----------+--------------+


+---------------------------------------------------------------------------------------------------------------------------+
; Port Connectivity Checks: "register:IR"                                                                                   ;
+-----------------+--------+----------+-------------------------------------------------------------------------------------+
; Port            ; Type   ; Severity ; Details                                                                             ;
+-----------------+--------+----------+-------------------------------------------------------------------------------------+
; BusMuxIn[26..0] ; Output ; Info     ; Connected to dangling logic. Logic that only feeds a dangling port will be removed. ;
+-----------------+--------+----------+-------------------------------------------------------------------------------------+


+------------------------------------------+
; Port Connectivity Checks: "register:LO"  ;
+--------+-------+----------+--------------+
; Port   ; Type  ; Severity ; Details      ;
+--------+-------+----------+--------------+
; enable ; Input ; Info     ; Stuck at GND ;
+--------+-------+----------+--------------+


+------------------------------------------+
; Port Connectivity Checks: "register:HI"  ;
+--------+-------+----------+--------------+
; Port   ; Type  ; Severity ; Details      ;
+--------+-------+----------+--------------+
; enable ; Input ; Info     ; Stuck at GND ;
+--------+-------+----------+--------------+


+-------------------------------------------+
; Port Connectivity Checks: "register:RZHi" ;
+--------+-------+----------+---------------+
; Port   ; Type  ; Severity ; Details       ;
+--------+-------+----------+---------------+
; enable ; Input ; Info     ; Stuck at GND  ;
+--------+-------+----------+---------------+


+-----------------------------------------------------+
; Post-Synthesis Netlist Statistics for Top Partition ;
+-------------------+---------------------------------+
; Type              ; Count                           ;
+-------------------+---------------------------------+
; boundary_port     ; 54                              ;
;                   ;                                 ;
; Max LUT depth     ; 0.00                            ;
; Average LUT depth ; 0.00                            ;
+-------------------+---------------------------------+


+-------------------------------+
; Elapsed Time Per Partition    ;
+----------------+--------------+
; Partition Name ; Elapsed Time ;
+----------------+--------------+
; Top            ; 00:00:00     ;
+----------------+--------------+


+-------------------------------+
; Analysis & Synthesis Messages ;
+-------------------------------+
Info: *******************************************************************
Info: Running Quartus Prime Analysis & Synthesis
    Info: Version 18.1.0 Build 625 09/12/2018 SJ Lite Edition
    Info: Processing started: Sun Jan 26 17:12:16 2025
Info: Command: quartus_map --read_settings_files=on --write_settings_files=off cpu_phase1 -c cpu_phase1
Warning (18236): Number of processors has not been specified which may cause overloading on shared machines.  Set the global assignment NUM_PARALLEL_PROCESSORS in your QSF to an appropriate value for best performance.
Info (20030): Parallel compilation is enabled and will use 16 of the 16 processors detected
Info (12021): Found 1 design units, including 1 entities, in source file register.v
    Info (12023): Found entity 1: register File: C:/intelFPGA_lite/18.1/elec374/cpu_project/phase1/register.v Line: 3
Info (12021): Found 1 design units, including 1 entities, in source file bus.v
    Info (12023): Found entity 1: bus File: C:/intelFPGA_lite/18.1/elec374/cpu_project/phase1/bus.v Line: 3
Info (12021): Found 1 design units, including 1 entities, in source file alu.v
    Info (12023): Found entity 1: alu File: C:/intelFPGA_lite/18.1/elec374/cpu_project/phase1/alu.v Line: 3
Info (12021): Found 1 design units, including 1 entities, in source file datapath.v
    Info (12023): Found entity 1: datapath File: C:/intelFPGA_lite/18.1/elec374/cpu_project/phase1/datapath.v Line: 3
Info (12021): Found 1 design units, including 1 entities, in source file datapath_tb.v
    Info (12023): Found entity 1: datapath_tb File: C:/intelFPGA_lite/18.1/elec374/cpu_project/phase1/datapath_tb.v Line: 1
Info (12021): Found 1 design units, including 1 entities, in source file booth_multiplier.v
    Info (12023): Found entity 1: booth_multiplier File: C:/intelFPGA_lite/18.1/elec374/cpu_project/phase1/booth_multiplier.v Line: 1
Info (12021): Found 1 design units, including 1 entities, in source file division.v
    Info (12023): Found entity 1: division File: C:/intelFPGA_lite/18.1/elec374/cpu_project/phase1/division.v Line: 1
Info (12021): Found 3 design units, including 3 entities, in source file addition.v
    Info (12023): Found entity 1: addition File: C:/intelFPGA_lite/18.1/elec374/cpu_project/phase1/addition.v Line: 4
    Info (12023): Found entity 2: CLA16 File: C:/intelFPGA_lite/18.1/elec374/cpu_project/phase1/addition.v Line: 33
    Info (12023): Found entity 3: CLA4 File: C:/intelFPGA_lite/18.1/elec374/cpu_project/phase1/addition.v Line: 78
Info (12021): Found 1 design units, including 1 entities, in source file addition_tb.v
    Info (12023): Found entity 1: addition_tb File: C:/intelFPGA_lite/18.1/elec374/cpu_project/phase1/addition_tb.v Line: 2
Info (12021): Found 1 design units, including 1 entities, in source file mux_2_1.v
    Info (12023): Found entity 1: mux_2_1 File: C:/intelFPGA_lite/18.1/elec374/cpu_project/phase1/mux_2_1.v Line: 3
Info (12021): Found 1 design units, including 1 entities, in source file encoder_32_5.v
    Info (12023): Found entity 1: encoder_32_5 File: C:/intelFPGA_lite/18.1/elec374/cpu_project/phase1/encoder_32_5.v Line: 3
Info (12127): Elaborating entity "datapath" for the top level hierarchy
Warning (10036): Verilog HDL or VHDL warning at datapath.v(43): object "InPortIn" assigned a value but never read File: C:/intelFPGA_lite/18.1/elec374/cpu_project/phase1/datapath.v Line: 43
Warning (10036): Verilog HDL or VHDL warning at datapath.v(44): object "OutPortIn" assigned a value but never read File: C:/intelFPGA_lite/18.1/elec374/cpu_project/phase1/datapath.v Line: 44
Warning (10036): Verilog HDL or VHDL warning at datapath.v(44): object "OutPortOut" assigned a value but never read File: C:/intelFPGA_lite/18.1/elec374/cpu_project/phase1/datapath.v Line: 44
Warning (10036): Verilog HDL or VHDL warning at datapath.v(45): object "RCin" assigned a value but never read File: C:/intelFPGA_lite/18.1/elec374/cpu_project/phase1/datapath.v Line: 45
Info (12128): Elaborating entity "register" for hierarchy "register:RZHi" File: C:/intelFPGA_lite/18.1/elec374/cpu_project/phase1/datapath.v Line: 60
Info (12128): Elaborating entity "mux_2_1" for hierarchy "mux_2_1:MDRmux" File: C:/intelFPGA_lite/18.1/elec374/cpu_project/phase1/datapath.v Line: 88
Info (12128): Elaborating entity "encoder_32_5" for hierarchy "encoder_32_5:BusEncoder" File: C:/intelFPGA_lite/18.1/elec374/cpu_project/phase1/datapath.v Line: 94
Warning (10762): Verilog HDL Case Statement warning at encoder_32_5.v(6): can't check case statement for completeness because the case expression has too many possible states File: C:/intelFPGA_lite/18.1/elec374/cpu_project/phase1/encoder_32_5.v Line: 6
Info (10264): Verilog HDL Case Statement information at encoder_32_5.v(6): all case item expressions in this case statement are onehot File: C:/intelFPGA_lite/18.1/elec374/cpu_project/phase1/encoder_32_5.v Line: 6
Info (12128): Elaborating entity "bus" for hierarchy "bus:Bus" File: C:/intelFPGA_lite/18.1/elec374/cpu_project/phase1/datapath.v Line: 103
Info (12128): Elaborating entity "alu" for hierarchy "alu:ALU" File: C:/intelFPGA_lite/18.1/elec374/cpu_project/phase1/datapath.v Line: 114
Info (12128): Elaborating entity "addition" for hierarchy "alu:ALU|addition:adder" File: C:/intelFPGA_lite/18.1/elec374/cpu_project/phase1/alu.v Line: 41
Info (12128): Elaborating entity "CLA16" for hierarchy "alu:ALU|addition:adder|CLA16:CLA_lower" File: C:/intelFPGA_lite/18.1/elec374/cpu_project/phase1/addition.v Line: 20
Info (12128): Elaborating entity "CLA4" for hierarchy "alu:ALU|addition:adder|CLA16:CLA_lower|CLA4:CLA_lower" File: C:/intelFPGA_lite/18.1/elec374/cpu_project/phase1/addition.v Line: 49
Info (144001): Generated suppressed messages file C:/intelFPGA_lite/18.1/elec374/cpu_project/phase1/output_files/cpu_phase1.map.smsg
Info (16010): Generating hard_block partition "hard_block:auto_generated_inst"
    Info (16011): Adding 0 node(s), including 0 DDIO, 0 PLL, 0 transceiver and 0 LCELL
Warning (21074): Design contains 54 input pin(s) that do not drive logic
    Warning (15610): No output dependent on input pin "clock" File: C:/intelFPGA_lite/18.1/elec374/cpu_project/phase1/datapath.v Line: 4
    Warning (15610): No output dependent on input pin "clear" File: C:/intelFPGA_lite/18.1/elec374/cpu_project/phase1/datapath.v Line: 4
    Warning (15610): No output dependent on input pin "RZinLo" File: C:/intelFPGA_lite/18.1/elec374/cpu_project/phase1/datapath.v Line: 9
    Warning (15610): No output dependent on input pin "RZoutLo" File: C:/intelFPGA_lite/18.1/elec374/cpu_project/phase1/datapath.v Line: 9
    Warning (15610): No output dependent on input pin "IRin" File: C:/intelFPGA_lite/18.1/elec374/cpu_project/phase1/datapath.v Line: 10
    Warning (15610): No output dependent on input pin "IRout" File: C:/intelFPGA_lite/18.1/elec374/cpu_project/phase1/datapath.v Line: 10
    Warning (15610): No output dependent on input pin "RYin" File: C:/intelFPGA_lite/18.1/elec374/cpu_project/phase1/datapath.v Line: 11
    Warning (15610): No output dependent on input pin "RYout" File: C:/intelFPGA_lite/18.1/elec374/cpu_project/phase1/datapath.v Line: 11
    Warning (15610): No output dependent on input pin "R3in" File: C:/intelFPGA_lite/18.1/elec374/cpu_project/phase1/datapath.v Line: 13
    Warning (15610): No output dependent on input pin "R3out" File: C:/intelFPGA_lite/18.1/elec374/cpu_project/phase1/datapath.v Line: 13
    Warning (15610): No output dependent on input pin "R4in" File: C:/intelFPGA_lite/18.1/elec374/cpu_project/phase1/datapath.v Line: 14
    Warning (15610): No output dependent on input pin "R4out" File: C:/intelFPGA_lite/18.1/elec374/cpu_project/phase1/datapath.v Line: 14
    Warning (15610): No output dependent on input pin "R7in" File: C:/intelFPGA_lite/18.1/elec374/cpu_project/phase1/datapath.v Line: 15
    Warning (15610): No output dependent on input pin "R7out" File: C:/intelFPGA_lite/18.1/elec374/cpu_project/phase1/datapath.v Line: 15
    Warning (15610): No output dependent on input pin "PCout" File: C:/intelFPGA_lite/18.1/elec374/cpu_project/phase1/datapath.v Line: 18
    Warning (15610): No output dependent on input pin "PCin" File: C:/intelFPGA_lite/18.1/elec374/cpu_project/phase1/datapath.v Line: 18
    Warning (15610): No output dependent on input pin "IncPC" File: C:/intelFPGA_lite/18.1/elec374/cpu_project/phase1/datapath.v Line: 19
    Warning (15610): No output dependent on input pin "MDRin" File: C:/intelFPGA_lite/18.1/elec374/cpu_project/phase1/datapath.v Line: 21
    Warning (15610): No output dependent on input pin "MDRout" File: C:/intelFPGA_lite/18.1/elec374/cpu_project/phase1/datapath.v Line: 21
    Warning (15610): No output dependent on input pin "MDRread" File: C:/intelFPGA_lite/18.1/elec374/cpu_project/phase1/datapath.v Line: 21
    Warning (15610): No output dependent on input pin "Mdatain[0]" File: C:/intelFPGA_lite/18.1/elec374/cpu_project/phase1/datapath.v Line: 22
    Warning (15610): No output dependent on input pin "Mdatain[1]" File: C:/intelFPGA_lite/18.1/elec374/cpu_project/phase1/datapath.v Line: 22
    Warning (15610): No output dependent on input pin "Mdatain[2]" File: C:/intelFPGA_lite/18.1/elec374/cpu_project/phase1/datapath.v Line: 22
    Warning (15610): No output dependent on input pin "Mdatain[3]" File: C:/intelFPGA_lite/18.1/elec374/cpu_project/phase1/datapath.v Line: 22
    Warning (15610): No output dependent on input pin "Mdatain[4]" File: C:/intelFPGA_lite/18.1/elec374/cpu_project/phase1/datapath.v Line: 22
    Warning (15610): No output dependent on input pin "Mdatain[5]" File: C:/intelFPGA_lite/18.1/elec374/cpu_project/phase1/datapath.v Line: 22
    Warning (15610): No output dependent on input pin "Mdatain[6]" File: C:/intelFPGA_lite/18.1/elec374/cpu_project/phase1/datapath.v Line: 22
    Warning (15610): No output dependent on input pin "Mdatain[7]" File: C:/intelFPGA_lite/18.1/elec374/cpu_project/phase1/datapath.v Line: 22
    Warning (15610): No output dependent on input pin "Mdatain[8]" File: C:/intelFPGA_lite/18.1/elec374/cpu_project/phase1/datapath.v Line: 22
    Warning (15610): No output dependent on input pin "Mdatain[9]" File: C:/intelFPGA_lite/18.1/elec374/cpu_project/phase1/datapath.v Line: 22
    Warning (15610): No output dependent on input pin "Mdatain[10]" File: C:/intelFPGA_lite/18.1/elec374/cpu_project/phase1/datapath.v Line: 22
    Warning (15610): No output dependent on input pin "Mdatain[11]" File: C:/intelFPGA_lite/18.1/elec374/cpu_project/phase1/datapath.v Line: 22
    Warning (15610): No output dependent on input pin "Mdatain[12]" File: C:/intelFPGA_lite/18.1/elec374/cpu_project/phase1/datapath.v Line: 22
    Warning (15610): No output dependent on input pin "Mdatain[13]" File: C:/intelFPGA_lite/18.1/elec374/cpu_project/phase1/datapath.v Line: 22
    Warning (15610): No output dependent on input pin "Mdatain[14]" File: C:/intelFPGA_lite/18.1/elec374/cpu_project/phase1/datapath.v Line: 22
    Warning (15610): No output dependent on input pin "Mdatain[15]" File: C:/intelFPGA_lite/18.1/elec374/cpu_project/phase1/datapath.v Line: 22
    Warning (15610): No output dependent on input pin "Mdatain[16]" File: C:/intelFPGA_lite/18.1/elec374/cpu_project/phase1/datapath.v Line: 22
    Warning (15610): No output dependent on input pin "Mdatain[17]" File: C:/intelFPGA_lite/18.1/elec374/cpu_project/phase1/datapath.v Line: 22
    Warning (15610): No output dependent on input pin "Mdatain[18]" File: C:/intelFPGA_lite/18.1/elec374/cpu_project/phase1/datapath.v Line: 22
    Warning (15610): No output dependent on input pin "Mdatain[19]" File: C:/intelFPGA_lite/18.1/elec374/cpu_project/phase1/datapath.v Line: 22
    Warning (15610): No output dependent on input pin "Mdatain[20]" File: C:/intelFPGA_lite/18.1/elec374/cpu_project/phase1/datapath.v Line: 22
    Warning (15610): No output dependent on input pin "Mdatain[21]" File: C:/intelFPGA_lite/18.1/elec374/cpu_project/phase1/datapath.v Line: 22
    Warning (15610): No output dependent on input pin "Mdatain[22]" File: C:/intelFPGA_lite/18.1/elec374/cpu_project/phase1/datapath.v Line: 22
    Warning (15610): No output dependent on input pin "Mdatain[23]" File: C:/intelFPGA_lite/18.1/elec374/cpu_project/phase1/datapath.v Line: 22
    Warning (15610): No output dependent on input pin "Mdatain[24]" File: C:/intelFPGA_lite/18.1/elec374/cpu_project/phase1/datapath.v Line: 22
    Warning (15610): No output dependent on input pin "Mdatain[25]" File: C:/intelFPGA_lite/18.1/elec374/cpu_project/phase1/datapath.v Line: 22
    Warning (15610): No output dependent on input pin "Mdatain[26]" File: C:/intelFPGA_lite/18.1/elec374/cpu_project/phase1/datapath.v Line: 22
    Warning (15610): No output dependent on input pin "Mdatain[27]" File: C:/intelFPGA_lite/18.1/elec374/cpu_project/phase1/datapath.v Line: 22
    Warning (15610): No output dependent on input pin "Mdatain[28]" File: C:/intelFPGA_lite/18.1/elec374/cpu_project/phase1/datapath.v Line: 22
    Warning (15610): No output dependent on input pin "Mdatain[29]" File: C:/intelFPGA_lite/18.1/elec374/cpu_project/phase1/datapath.v Line: 22
    Warning (15610): No output dependent on input pin "Mdatain[30]" File: C:/intelFPGA_lite/18.1/elec374/cpu_project/phase1/datapath.v Line: 22
    Warning (15610): No output dependent on input pin "Mdatain[31]" File: C:/intelFPGA_lite/18.1/elec374/cpu_project/phase1/datapath.v Line: 22
    Warning (15610): No output dependent on input pin "MARin" File: C:/intelFPGA_lite/18.1/elec374/cpu_project/phase1/datapath.v Line: 24
    Warning (15610): No output dependent on input pin "MARout" File: C:/intelFPGA_lite/18.1/elec374/cpu_project/phase1/datapath.v Line: 26
Info (21057): Implemented 54 device resources after synthesis - the final resource count might be different
    Info (21058): Implemented 54 input pins
    Info (21059): Implemented 0 output pins
Info: Quartus Prime Analysis & Synthesis was successful. 0 errors, 61 warnings
    Info: Peak virtual memory: 4804 megabytes
    Info: Processing ended: Sun Jan 26 17:12:35 2025
    Info: Elapsed time: 00:00:19
    Info: Total CPU time (on all processors): 00:00:09


+------------------------------------------+
; Analysis & Synthesis Suppressed Messages ;
+------------------------------------------+
The suppressed messages can be found in C:/intelFPGA_lite/18.1/elec374/cpu_project/phase1/output_files/cpu_phase1.map.smsg.


